# JRE version: OpenJDK Runtime Environment (8.0_242-b01) (build 1.8.0_242-release-1644-b01)
# Java VM: OpenJDK 64-Bit Server VM (25.242-b01 mixed mode windows-amd64 compressed oops)
Heap:
 PSYoungGen      total 114688K, used 19174K [0x00000000d5580000, 0x00000000dec80000, 0x0000000100000000)
  eden space 92672K, 20% used [0x00000000d5580000,0x00000000d6839830,0x00000000db000000)
  from space 22016K, 0% used [0x00000000dcb80000,0x00000000dcb80000,0x00000000de100000)
  to   space 28160K, 0% used [0x00000000db000000,0x00000000db000000,0x00000000dcb80000)
 ParOldGen       total 74752K, used 72349K [0x0000000080000000, 0x0000000084900000, 0x00000000d5580000)
  object space 74752K, 96% used [0x0000000080000000,0x00000000846a74a0,0x0000000084900000)
 Metaspace       used 84403K, capacity 88168K, committed 89176K, reserved 1126400K
  class space    used 11338K, capacity 12076K, committed 12416K, reserved 1048576K
GC Heap History (10 events):
Event: 151.450 GC heap before
{Heap before GC invocations=38 (full 3):
 PSYoungGen      total 93696K, used 93677K [0x00000000d5580000, 0x00000000dc880000, 0x0000000100000000)
  eden space 79360K, 100% used [0x00000000d5580000,0x00000000da300000,0x00000000da300000)
  from space 14336K, 99% used [0x00000000db480000,0x00000000dc27b570,0x00000000dc280000)
  to   space 17920K, 0% used [0x00000000da300000,0x00000000da300000,0x00000000db480000)
 ParOldGen       total 74752K, used 52171K [0x0000000080000000, 0x0000000084900000, 0x00000000d5580000)
  object space 74752K, 69% used [0x0000000080000000,0x00000000832f2f20,0x0000000084900000)
 Metaspace       used 73930K, capacity 77314K, committed 77528K, reserved 1116160K
  class space    used 10042K, capacity 10679K, committed 10752K, reserved 1048576K
Event: 151.491 GC heap after
Heap after GC invocations=38 (full 3):
 PSYoungGen      total 97280K, used 8210K [0x00000000d5580000, 0x00000000dcc80000, 0x0000000100000000)
  eden space 79360K, 0% used [0x00000000d5580000,0x00000000d5580000,0x00000000da300000)
  from space 17920K, 45% used [0x00000000da300000,0x00000000dab04958,0x00000000db480000)
  to   space 16896K, 0% used [0x00000000dbc00000,0x00000000dbc00000,0x00000000dcc80000)
 ParOldGen       total 74752K, used 59307K [0x0000000080000000, 0x0000000084900000, 0x00000000d5580000)
  object space 74752K, 79% used [0x0000000080000000,0x00000000839eac48,0x0000000084900000)
 Metaspace       used 73930K, capacity 77314K, committed 77528K, reserved 1116160K
  class space    used 10042K, capacity 10679K, committed 10752K, reserved 1048576K
}
Event: 157.100 GC heap before
{Heap before GC invocations=39 (full 3):
 PSYoungGen      total 97280K, used 87570K [0x00000000d5580000, 0x00000000dcc80000, 0x0000000100000000)
  eden space 79360K, 100% used [0x00000000d5580000,0x00000000da300000,0x00000000da300000)
  from space 17920K, 45% used [0x00000000da300000,0x00000000dab04958,0x00000000db480000)
  to   space 16896K, 0% used [0x00000000dbc00000,0x00000000dbc00000,0x00000000dcc80000)
 ParOldGen       total 74752K, used 59307K [0x0000000080000000, 0x0000000084900000, 0x00000000d5580000)
  object space 74752K, 79% used [0x0000000080000000,0x00000000839eac48,0x0000000084900000)
 Metaspace       used 77074K, capacity 80410K, committed 80600K, reserved 1118208K
  class space    used 10326K, capacity 10953K, committed 11008K, reserved 1048576K
Event: 157.127 GC heap after
Heap after GC invocations=39 (full 3):
 PSYoungGen      total 102912K, used 14843K [0x00000000d5580000, 0x00000000dd000000, 0x0000000100000000)
  eden space 86016K, 0% used [0x00000000d5580000,0x00000000d5580000,0x00000000da980000)
  from space 16896K, 87% used [0x00000000dbc00000,0x00000000dca7efd0,0x00000000dcc80000)
  to   space 18944K, 0% used [0x00000000da980000,0x00000000da980000,0x00000000dbc00000)
 ParOldGen       total 74752K, used 59315K [0x0000000080000000, 0x0000000084900000, 0x00000000d5580000)
  object space 74752K, 79% used [0x0000000080000000,0x00000000839ecc48,0x0000000084900000)
 Metaspace       used 77074K, capacity 80410K, committed 80600K, reserved 1118208K
  class space    used 10326K, capacity 10953K, committed 11008K, reserved 1048576K
}
Event: 157.927 GC heap before
{Heap before GC invocations=40 (full 3):
 PSYoungGen      total 102912K, used 100859K [0x00000000d5580000, 0x00000000dd000000, 0x0000000100000000)
  eden space 86016K, 100% used [0x00000000d5580000,0x00000000da980000,0x00000000da980000)
  from space 16896K, 87% used [0x00000000dbc00000,0x00000000dca7efd0,0x00000000dcc80000)
  to   space 18944K, 0% used [0x00000000da980000,0x00000000da980000,0x00000000dbc00000)
 ParOldGen       total 74752K, used 59315K [0x0000000080000000, 0x0000000084900000, 0x00000000d5580000)
  object space 74752K, 79% used [0x0000000080000000,0x00000000839ecc48,0x0000000084900000)
 Metaspace       used 77080K, capacity 80474K, committed 80600K, reserved 1118208K
  class space    used 10326K, capacity 10953K, committed 11008K, reserved 1048576K
Event: 157.949 GC heap after
Heap after GC invocations=40 (full 3):
 PSYoungGen      total 104960K, used 18929K [0x00000000d5580000, 0x00000000de100000, 0x0000000100000000)
  eden space 86016K, 0% used [0x00000000d5580000,0x00000000d5580000,0x00000000da980000)
  from space 18944K, 99% used [0x00000000da980000,0x00000000dbbfc760,0x00000000dbc00000)
  to   space 22016K, 0% used [0x00000000dcb80000,0x00000000dcb80000,0x00000000de100000)
 ParOldGen       total 74752K, used 59909K [0x0000000080000000, 0x0000000084900000, 0x00000000d5580000)
  object space 74752K, 80% used [0x0000000080000000,0x0000000083a817c0,0x0000000084900000)
 Metaspace       used 77080K, capacity 80474K, committed 80600K, reserved 1118208K
  class space    used 10326K, capacity 10953K, committed 11008K, reserved 1048576K
}
Event: 164.241 GC heap before
{Heap before GC invocations=41 (full 3):
 PSYoungGen      total 104960K, used 104945K [0x00000000d5580000, 0x00000000de100000, 0x0000000100000000)
  eden space 86016K, 100% used [0x00000000d5580000,0x00000000da980000,0x00000000da980000)
  from space 18944K, 99% used [0x00000000da980000,0x00000000dbbfc760,0x00000000dbc00000)
  to   space 22016K, 0% used [0x00000000dcb80000,0x00000000dcb80000,0x00000000de100000)
 ParOldGen       total 74752K, used 59909K [0x0000000080000000, 0x0000000084900000, 0x00000000d5580000)
  object space 74752K, 80% used [0x0000000080000000,0x0000000083a817c0,0x0000000084900000)
 Metaspace       used 84096K, capacity 88404K, committed 88664K, reserved 1126400K
  class space    used 11460K, capacity 12326K, committed 12416K, reserved 1048576K
Event: 164.278 GC heap after
Heap after GC invocations=41 (full 3):
 PSYoungGen      total 114688K, used 21985K [0x00000000d5580000, 0x00000000dec80000, 0x0000000100000000)
  eden space 92672K, 0% used [0x00000000d5580000,0x00000000d5580000,0x00000000db000000)
  from space 22016K, 99% used [0x00000000dcb80000,0x00000000de0f8550,0x00000000de100000)
  to   space 28160K, 0% used [0x00000000db000000,0x00000000db000000,0x00000000dcb80000)
 ParOldGen       total 74752K, used 66852K [0x0000000080000000, 0x0000000084900000, 0x00000000d5580000)
  object space 74752K, 89% used [0x0000000080000000,0x0000000084149040,0x0000000084900000)
 Metaspace       used 84096K, capacity 88404K, committed 88664K, reserved 1126400K
  class space    used 11460K, capacity 12326K, committed 12416K, reserved 1048576K
}
Event: 164.278 GC heap before
{Heap before GC invocations=42 (full 4):
 PSYoungGen      total 114688K, used 21985K [0x00000000d5580000, 0x00000000dec80000, 0x0000000100000000)
  eden space 92672K, 0% used [0x00000000d5580000,0x00000000d5580000,0x00000000db000000)
  from space 22016K, 99% used [0x00000000dcb80000,0x00000000de0f8550,0x00000000de100000)
  to   space 28160K, 0% used [0x00000000db000000,0x00000000db000000,0x00000000dcb80000)
 ParOldGen       total 74752K, used 66852K [0x0000000080000000, 0x0000000084900000, 0x00000000d5580000)
  object space 74752K, 89% used [0x0000000080000000,0x0000000084149040,0x0000000084900000)
 Metaspace       used 84096K, capacity 88404K, committed 88664K, reserved 1126400K
  class space    used 11460K, capacity 12326K, committed 12416K, reserved 1048576K
Event: 164.558 GC heap after
Heap after GC invocations=42 (full 4):
 PSYoungGen      total 114688K, used 0K [0x00000000d5580000, 0x00000000dec80000, 0x0000000100000000)
  eden space 92672K, 0% used [0x00000000d5580000,0x00000000d5580000,0x00000000db000000)
  from space 22016K, 0% used [0x00000000dcb80000,0x00000000dcb80000,0x00000000de100000)
  to   space 28160K, 0% used [0x00000000db000000,0x00000000db000000,0x00000000dcb80000)
 ParOldGen       total 74752K, used 72349K [0x0000000080000000, 0x0000000084900000, 0x00000000d5580000)
  object space 74752K, 96% used [0x0000000080000000,0x00000000846a74a0,0x0000000084900000)
 Metaspace       used 83679K, capacity 87448K, committed 88664K, reserved 1126400K
  class space    used 11310K, capacity 12058K, committed 12416K, reserved 1048576K
}

